{"numFailedTestSuites":1,"numFailedTests":3,"numPassedTestSuites":0,"numPassedTests":0,"numPendingTestSuites":0,"numPendingTests":0,"numRuntimeErrorTestSuites":0,"numTodoTests":0,"numTotalTestSuites":1,"numTotalTests":3,"openHandles":[],"snapshot":{"added":0,"didUpdate":false,"failure":false,"filesAdded":0,"filesRemoved":0,"filesRemovedList":[],"filesUnmatched":0,"filesUpdated":0,"matched":0,"total":0,"unchecked":0,"uncheckedKeysByFile":[],"unmatched":0,"updated":0},"startTime":1773102182176,"success":false,"testResults":[{"assertionResults":[{"ancestorTitles":["Auth API Integration Tests"],"duration":235,"failing":false,"failureDetails":[{}],"failureMessages":["Error: expect(received).toHaveProperty(path, value)\n\nMatcher error: received value must not be null nor undefined\n\nReceived has value: undefined\n    at Object.toHaveProperty (C:\\Users\\jagga\\OneDrive\\Desktop\\SmartHire\\backend\\tests\\auth.test.js:46:31)\n    at processTicksAndRejections (node:internal/process/task_queues:105:5)"],"fullName":"Auth API Integration Tests should register a new user successfully","invocations":1,"location":null,"numPassingAsserts":2,"retryReasons":[],"startAt":1773102185427,"status":"failed","title":"should register a new user successfully"},{"ancestorTitles":["Auth API Integration Tests"],"duration":229,"failing":false,"failureDetails":[{}],"failureMessages":["Error: expect(received).toHaveProperty(path, value)\n\nMatcher error: received value must not be null nor undefined\n\nReceived has value: undefined\n    at Object.toHaveProperty (C:\\Users\\jagga\\OneDrive\\Desktop\\SmartHire\\backend\\tests\\auth.test.js:76:31)\n    at processTicksAndRejections (node:internal/process/task_queues:105:5)"],"fullName":"Auth API Integration Tests should login an existing user","invocations":1,"location":null,"numPassingAsserts":2,"retryReasons":[],"startAt":1773102185672,"status":"failed","title":"should login an existing user"},{"ancestorTitles":["Auth API Integration Tests"],"duration":215,"failing":false,"failureDetails":[{"matcherResult":{"message":"expect(received).toHaveProperty(path, value)\n\nExpected path: \"message\"\n\nExpected value: \"Invalid credentials\"\nReceived value: \"Invalid email or password\"","pass":false}}],"failureMessages":["Error: expect(received).toHaveProperty(path, value)\n\nExpected path: \"message\"\n\nExpected value: \"Invalid credentials\"\nReceived value: \"Invalid email or password\"\n    at Object.toHaveProperty (C:\\Users\\jagga\\OneDrive\\Desktop\\SmartHire\\backend\\tests\\auth.test.js:97:26)\n    at processTicksAndRejections (node:internal/process/task_queues:105:5)"],"fullName":"Auth API Integration Tests should fail to login with wrong password","invocations":1,"location":null,"numPassingAsserts":1,"retryReasons":[],"startAt":1773102185902,"status":"failed","title":"should fail to login with wrong password"}],"endTime":1773102186272,"message":"  ● Auth API Integration Tests › should register a new user successfully\n\n    expect(received).toHaveProperty(path, value)\n\n    Matcher error: received value must not be null nor undefined\n\n    Received has value: undefined\n\n    \u001b[0m \u001b[90m 44 |\u001b[39m         expect(res\u001b[33m.\u001b[39mstatusCode)\u001b[33m.\u001b[39mtoBe(\u001b[35m201\u001b[39m)\u001b[33m;\u001b[39m\n     \u001b[90m 45 |\u001b[39m         expect(res\u001b[33m.\u001b[39mbody)\u001b[33m.\u001b[39mtoHaveProperty(\u001b[32m'token'\u001b[39m)\u001b[33m;\u001b[39m\n    \u001b[31m\u001b[1m>\u001b[22m\u001b[39m\u001b[90m 46 |\u001b[39m         expect(res\u001b[33m.\u001b[39mbody\u001b[33m.\u001b[39muser)\u001b[33m.\u001b[39mtoHaveProperty(\u001b[32m'email'\u001b[39m\u001b[33m,\u001b[39m \u001b[32m'test@hr.com'\u001b[39m)\u001b[33m;\u001b[39m\n     \u001b[90m    |\u001b[39m                               \u001b[31m\u001b[1m^\u001b[22m\u001b[39m\n     \u001b[90m 47 |\u001b[39m         expect(res\u001b[33m.\u001b[39mbody\u001b[33m.\u001b[39muser)\u001b[33m.\u001b[39mtoHaveProperty(\u001b[32m'role'\u001b[39m\u001b[33m,\u001b[39m \u001b[32m'HR'\u001b[39m)\u001b[33m;\u001b[39m\n     \u001b[90m 48 |\u001b[39m\n     \u001b[90m 49 |\u001b[39m         \u001b[90m// Verify the user was created in the database\u001b[39m\u001b[0m\n\n      at Object.toHaveProperty (tests/auth.test.js:46:31)\n\n  ● Auth API Integration Tests › should login an existing user\n\n    expect(received).toHaveProperty(path, value)\n\n    Matcher error: received value must not be null nor undefined\n\n    Received has value: undefined\n\n    \u001b[0m \u001b[90m 74 |\u001b[39m         expect(res\u001b[33m.\u001b[39mstatusCode)\u001b[33m.\u001b[39mtoBe(\u001b[35m200\u001b[39m)\u001b[33m;\u001b[39m\n     \u001b[90m 75 |\u001b[39m         expect(res\u001b[33m.\u001b[39mbody)\u001b[33m.\u001b[39mtoHaveProperty(\u001b[32m'token'\u001b[39m)\u001b[33m;\u001b[39m\n    \u001b[31m\u001b[1m>\u001b[22m\u001b[39m\u001b[90m 76 |\u001b[39m         expect(res\u001b[33m.\u001b[39mbody\u001b[33m.\u001b[39muser)\u001b[33m.\u001b[39mtoHaveProperty(\u001b[32m'role'\u001b[39m\u001b[33m,\u001b[39m \u001b[32m'Candidate'\u001b[39m)\u001b[33m;\u001b[39m\n     \u001b[90m    |\u001b[39m                               \u001b[31m\u001b[1m^\u001b[22m\u001b[39m\n     \u001b[90m 77 |\u001b[39m     })\u001b[33m;\u001b[39m\n     \u001b[90m 78 |\u001b[39m\n     \u001b[90m 79 |\u001b[39m     it(\u001b[32m'should fail to login with wrong password'\u001b[39m\u001b[33m,\u001b[39m \u001b[36masync\u001b[39m () \u001b[33m=>\u001b[39m {\u001b[0m\n\n      at Object.toHaveProperty (tests/auth.test.js:76:31)\n\n  ● Auth API Integration Tests › should fail to login with wrong password\n\n    expect(received).toHaveProperty(path, value)\n\n    Expected path: \"message\"\n\n    Expected value: \"Invalid credentials\"\n    Received value: \"Invalid email or password\"\n\n    \u001b[0m \u001b[90m  95 |\u001b[39m\n     \u001b[90m  96 |\u001b[39m         expect(res\u001b[33m.\u001b[39mstatusCode)\u001b[33m.\u001b[39mtoBe(\u001b[35m401\u001b[39m)\u001b[33m;\u001b[39m\n    \u001b[31m\u001b[1m>\u001b[22m\u001b[39m\u001b[90m  97 |\u001b[39m         expect(res\u001b[33m.\u001b[39mbody)\u001b[33m.\u001b[39mtoHaveProperty(\u001b[32m'message'\u001b[39m\u001b[33m,\u001b[39m \u001b[32m'Invalid credentials'\u001b[39m)\u001b[33m;\u001b[39m\n     \u001b[90m     |\u001b[39m                          \u001b[31m\u001b[1m^\u001b[22m\u001b[39m\n     \u001b[90m  98 |\u001b[39m     })\u001b[33m;\u001b[39m\n     \u001b[90m  99 |\u001b[39m })\u001b[33m;\u001b[39m\n     \u001b[90m 100 |\u001b[39m\u001b[0m\n\n      at Object.toHaveProperty (tests/auth.test.js:97:26)\n","name":"C:\\Users\\jagga\\OneDrive\\Desktop\\SmartHire\\backend\\tests\\auth.test.js","startTime":1773102182270,"status":"failed","summary":""}],"wasInterrupted":false}
